============================================
  FULL SYNC: 2026-06-24 13:39:52
============================================
  Added:   83
  Updated: 0
  Skipped: 2031
--------------------------------------------

============================================
  FULL SYNC: 2026-06-27 05:32:08
============================================
  Added:   3
  Updated: 0
  Skipped: 2115
--------------------------------------------

============================================
  FULL SYNC: 2026-07-06 11:31:29
============================================
  Added:   7
  Updated: 4
  Skipped: 2120
--------------------------------------------

============================================
  FULL SYNC: 2026-07-07 18:16:08
============================================
  Added:   32
  Updated: 0
  Skipped: 1833
--------------------------------------------

